{"level":"info","msg":"socks5 proxy server running on port [:\u001b[32m8081\u001b[0m], listening ...","time":"2020-04-05T12:30:31+08:00"}
{"level":"info","msg":"\u001b[34m\u0026{{0xc00017a680}}\u001b[0m  request handling...","time":"2020-04-05T12:30:51+08:00"}
{"level":"info","msg":"\u001b[34m\u0026{{0xc00017a780}}\u001b[0m  request handling...","time":"2020-04-05T12:30:51+08:00"}
{"level":"info","msg":"\u001b[34m\u0026{{0xc00017a880}}\u001b[0m  request handling...","time":"2020-04-05T12:30:51+08:00"}
{"level":"info","msg":"\u001b[34m\u0026{{0xc00017a980}}\u001b[0m  request handling...","time":"2020-04-05T12:30:51+08:00"}
{"level":"info","msg":"\u001b[34m\u0026{{0xc00017aa80}}\u001b[0m  request handling...","time":"2020-04-05T12:30:51+08:00"}
{"level":"info","msg":"\u001b[34m\u0026{{0xc00017ab80}}\u001b[0m  request handling...","time":"2020-04-05T12:30:51+08:00"}
{"level":"info","msg":"\u001b[34m\u0026{{0xc00017ac80}}\u001b[0m  request handling...","time":"2020-04-05T12:30:51+08:00"}
{"level":"info","msg":"\u001b[34m\u0026{{0xc000397280}}\u001b[0m  request handling...","time":"2020-04-05T12:30:51+08:00"}
{"level":"info","msg":"\u001b[34m\u0026{{0xc000342300}}\u001b[0m  request handling...","time":"2020-04-05T12:30:52+08:00"}
{"level":"info","msg":"\u001b[34m\u0026{{0xc0003fe800}}\u001b[0m  request handling...","time":"2020-04-05T12:30:52+08:00"}
{"level":"info","msg":"\u001b[34m\u0026{{0xc0003fe900}}\u001b[0m  request handling...","time":"2020-04-05T12:30:52+08:00"}
{"level":"info","msg":"\u001b[34m\u0026{{0xc0003fea00}}\u001b[0m  request handling...","time":"2020-04-05T12:30:52+08:00"}
{"level":"info","msg":"\u001b[34m\u0026{{0xc0002b1880}}\u001b[0m  request handling...","time":"2020-04-05T12:30:52+08:00"}
{"level":"info","msg":"\u001b[34m\u0026{{0xc0002b1a80}}\u001b[0m  request handling...","time":"2020-04-05T12:30:52+08:00"}
{"level":"info","msg":"\u001b[34m\u0026{{0xc0002b1b80}}\u001b[0m  request handling...","time":"2020-04-05T12:30:52+08:00"}
{"level":"info","msg":"\u001b[34m\u0026{{0xc00009f180}}\u001b[0m  request handling...","time":"2020-04-05T12:30:52+08:00"}
{"level":"info","msg":"\u001b[34m\u0026{{0xc00047bd80}}\u001b[0m  request handling...","time":"2020-04-05T12:30:52+08:00"}
{"level":"info","msg":"\u001b[34m\u0026{{0xc00009f380}}\u001b[0m  request handling...","time":"2020-04-05T12:30:53+08:00"}
{"level":"info","msg":"\u001b[34m\u0026{{0xc000260a80}}\u001b[0m  request handling...","time":"2020-04-05T12:30:53+08:00"}
{"level":"info","msg":"\u001b[34m\u0026{{0xc0000cc700}}\u001b[0m  request handling...","time":"2020-04-05T12:30:53+08:00"}
{"level":"info","msg":"\u001b[34m\u0026{{0xc0000cc800}}\u001b[0m  request handling...","time":"2020-04-05T12:30:53+08:00"}
{"level":"info","msg":"\u001b[34m\u0026{{0xc0004ae280}}\u001b[0m  request handling...","time":"2020-04-05T12:30:53+08:00"}
{"level":"info","msg":"\u001b[34m\u0026{{0xc00047bf80}}\u001b[0m  request handling...","time":"2020-04-05T12:31:13+08:00"}
{"level":"info","msg":"\u001b[34m\u0026{{0xc0005b6600}}\u001b[0m  request handling...","time":"2020-04-05T12:31:14+08:00"}
{"level":"info","msg":"\u001b[34m\u0026{{0xc000531300}}\u001b[0m  request handling...","time":"2020-04-05T12:31:18+08:00"}
{"level":"info","msg":"\u001b[34m\u0026{{0xc0005b7980}}\u001b[0m  request handling...","time":"2020-04-05T12:31:21+08:00"}
{"level":"info","msg":"\u001b[34m\u0026{{0xc000538680}}\u001b[0m  request handling...","time":"2020-04-05T12:31:21+08:00"}
{"level":"info","msg":"\u001b[34m\u0026{{0xc000538780}}\u001b[0m  request handling...","time":"2020-04-05T12:32:02+08:00"}
{"level":"info","msg":"\u001b[34m\u0026{{0xc0004af600}}\u001b[0m  request handling...","time":"2020-04-05T12:32:03+08:00"}
{"level":"info","msg":"\u001b[34m\u0026{{0xc0004af700}}\u001b[0m  request handling...","time":"2020-04-05T12:32:03+08:00"}
{"level":"info","msg":"\u001b[34m\u0026{{0xc0004af800}}\u001b[0m  request handling...","time":"2020-04-05T12:32:03+08:00"}
{"level":"info","msg":"\u001b[34m\u0026{{0xc0004af900}}\u001b[0m  request handling...","time":"2020-04-05T12:32:03+08:00"}
{"level":"info","msg":"\u001b[34m\u0026{{0xc000396000}}\u001b[0m  request handling...","time":"2020-04-05T12:32:05+08:00"}
{"level":"info","msg":"\u001b[34m\u0026{{0xc000426c80}}\u001b[0m  request handling...","time":"2020-04-05T12:32:05+08:00"}
{"level":"info","msg":"\u001b[34m\u0026{{0xc000426f00}}\u001b[0m  request handling...","time":"2020-04-05T12:32:05+08:00"}
{"level":"info","msg":"\u001b[34m\u0026{{0xc000427000}}\u001b[0m  request handling...","time":"2020-04-05T12:32:05+08:00"}
{"level":"info","msg":"\u001b[34m\u0026{{0xc0003fe580}}\u001b[0m  request handling...","time":"2020-04-05T12:32:05+08:00"}
{"level":"info","msg":"\u001b[34m\u0026{{0xc00009f380}}\u001b[0m  request handling...","time":"2020-04-05T12:32:05+08:00"}
{"level":"info","msg":"\u001b[34m\u0026{{0xc00047b580}}\u001b[0m  request handling...","time":"2020-04-05T12:32:05+08:00"}
{"level":"info","msg":"\u001b[34m\u0026{{0xc000496880}}\u001b[0m  request handling...","time":"2020-04-05T12:32:05+08:00"}
{"level":"info","msg":"\u001b[34m\u0026{{0xc000496980}}\u001b[0m  request handling...","time":"2020-04-05T12:32:05+08:00"}
{"level":"info","msg":"\u001b[34m\u0026{{0xc0003ffa00}}\u001b[0m  request handling...","time":"2020-04-05T12:32:09+08:00"}
{"level":"info","msg":"\u001b[34m\u0026{{0xc000497e80}}\u001b[0m  request handling...","time":"2020-04-05T12:32:09+08:00"}
{"level":"info","msg":"\u001b[34m\u0026{{0xc000497f80}}\u001b[0m  request handling...","time":"2020-04-05T12:32:13+08:00"}
time="2020-04-05T12:32:32+08:00" level=info msg="socks5 proxy server running on port [:\x1b[32m8081\x1b[0m], listening ..."
time="2020-04-05T12:32:33+08:00" level=info msg="\x1b[34m&{{0xc00011e580}}\x1b[0m  request handling..."
time="2020-04-05T12:32:33+08:00" level=info msg="\x1b[34m&{{0xc000185300}}\x1b[0m  request handling..."
time="2020-04-05T12:32:41+08:00" level=info msg="\x1b[34m&{{0xc000185400}}\x1b[0m  request handling..."
time="2020-04-05T12:32:41+08:00" level=info msg="\x1b[34m&{{0xc000185480}}\x1b[0m  request handling..."
time="2020-04-05T12:32:41+08:00" level=info msg="\x1b[34m&{{0xc000185500}}\x1b[0m  request handling..."
time="2020-04-05T12:32:41+08:00" level=info msg="\x1b[34m&{{0xc000185580}}\x1b[0m  request handling..."
time="2020-04-05T12:32:41+08:00" level=info msg="\x1b[34m&{{0xc000230300}}\x1b[0m  request handling..."
time="2020-04-05T12:32:41+08:00" level=info msg="\x1b[34m&{{0xc000230400}}\x1b[0m  request handling..."
time="2020-04-05T12:32:41+08:00" level=info msg="\x1b[34m&{{0xc000402000}}\x1b[0m  request handling..."
time="2020-04-05T12:32:41+08:00" level=info msg="\x1b[34m&{{0xc00032c300}}\x1b[0m  request handling..."
time="2020-04-05T12:32:41+08:00" level=info msg="\x1b[34m&{{0xc0002b6400}}\x1b[0m  request handling..."
time="2020-04-05T12:32:41+08:00" level=info msg="\x1b[34m&{{0xc0002b6500}}\x1b[0m  request handling..."
time="2020-04-05T12:32:41+08:00" level=info msg="\x1b[34m&{{0xc000272a80}}\x1b[0m  request handling..."
time="2020-04-05T12:32:42+08:00" level=info msg="\x1b[34m&{{0xc000272b00}}\x1b[0m  request handling..."
time="2020-04-05T12:32:42+08:00" level=info msg="\x1b[34m&{{0xc0001b1a00}}\x1b[0m  request handling..."
time="2020-04-05T12:32:42+08:00" level=info msg="\x1b[34m&{{0xc0001b1a80}}\x1b[0m  request handling..."
time="2020-04-05T12:32:42+08:00" level=info msg="\x1b[34m&{{0xc000273d00}}\x1b[0m  request handling..."
time="2020-04-05T12:32:42+08:00" level=info msg="\x1b[34m&{{0xc000273d80}}\x1b[0m  request handling..."
time="2020-04-05T12:32:42+08:00" level=info msg="\x1b[34m&{{0xc000375100}}\x1b[0m  request handling..."
time="2020-04-05T12:32:52+08:00" level=info msg="\x1b[34m&{{0xc000375180}}\x1b[0m  request handling..."
time="2020-04-05T12:33:07+08:00" level=info msg="\x1b[34m&{{0xc0001f5280}}\x1b[0m  request handling..."
time="2020-04-05T12:33:44+08:00" level=info msg="socks5 proxy server running on port [:\x1b[32m8081\x1b[0m], listening ..."
time="2020-04-05T12:33:44+08:00" level=info msg="\x1b[34m&{{0xc000172580}}\x1b[0m  request handling..."
time="2020-04-05T12:33:46+08:00" level=info msg="\x1b[34m&{{0xc000209300}}\x1b[0m  request handling..."
time="2020-04-05T12:33:56+08:00" level=info msg="\x1b[34m&{{0xc000209400}}\x1b[0m  request handling..."
time="2020-04-05T12:35:27+08:00" level=info msg="\x1b[34m&{{0xc000209480}}\x1b[0m  request handling..."
time="2020-04-05T12:36:54+08:00" level=info msg="\x1b[34m&{{0xc0000b1280}}\x1b[0m  request handling..."
time="2020-04-05T12:37:26+08:00" level=info msg="\x1b[34m&{{0xc00023e780}}\x1b[0m  request handling..."
time="2020-04-05T12:37:58+08:00" level=info msg="\x1b[34m&{{0xc0000d2600}}\x1b[0m  request handling..."
time="2020-04-05T12:38:15+08:00" level=info msg="\x1b[34m&{{0xc00023fa80}}\x1b[0m  request handling..."
time="2020-04-05T12:38:33+08:00" level=info msg="\x1b[34m&{{0xc0000d3900}}\x1b[0m  request handling..."
time="2020-04-05T12:39:11+08:00" level=info msg="\x1b[34m&{{0xc000242d80}}\x1b[0m  request handling..."
time="2020-04-05T12:39:58+08:00" level=info msg="\x1b[34m&{{0xc0000d6c00}}\x1b[0m  request handling..."
time="2020-04-05T12:40:13+08:00" level=info msg="\x1b[34m&{{0xc00024a080}}\x1b[0m  request handling..."
time="2020-04-05T12:45:54+08:00" level=info msg="socks5 proxy server running on port [:\x1b[32m8081\x1b[0m], listening ..."
time="2020-04-05T12:45:57+08:00" level=info msg="\x1b[34m&{{0xc000172580}}\x1b[0m  request handling..."
time="2020-04-05T12:47:12+08:00" level=info msg="socks5 proxy server running on port [:\x1b[32m8081\x1b[0m], listening ..."
time="2020-04-05T12:47:13+08:00" level=info msg="\x1b[34m&{{0xc000172580}}\x1b[0m  request handling..."
time="2020-04-05T12:48:22+08:00" level=info msg="\x1b[34m&{{0xc000172600}}\x1b[0m  request handling..."
time="2020-04-05T12:48:22+08:00" level=info msg="\x1b[34m&{{0xc000219180}}\x1b[0m  request handling..."
time="2020-04-05T12:48:23+08:00" level=info msg="\x1b[34m&{{0xc000219380}}\x1b[0m  request handling..."
time="2020-04-05T12:48:23+08:00" level=info msg="\x1b[34m&{{0xc000219400}}\x1b[0m  request handling..."
time="2020-04-05T12:48:23+08:00" level=info msg="\x1b[34m&{{0xc0000c6580}}\x1b[0m  request handling..."
time="2020-04-05T12:48:23+08:00" level=info msg="\x1b[34m&{{0xc0000c6680}}\x1b[0m  request handling..."
time="2020-04-05T12:48:23+08:00" level=info msg="\x1b[34m&{{0xc0001add00}}\x1b[0m  request handling..."
time="2020-04-05T12:48:23+08:00" level=info msg="\x1b[34m&{{0xc000302000}}\x1b[0m  request handling..."
time="2020-04-05T12:48:27+08:00" level=info msg="\x1b[34m&{{0xc00029d300}}\x1b[0m  request handling..."
time="2020-04-05T12:48:27+08:00" level=info msg="\x1b[34m&{{0xc0001c2f80}}\x1b[0m  request handling..."
time="2020-04-05T12:48:27+08:00" level=info msg="\x1b[34m&{{0xc0001c3000}}\x1b[0m  request handling..."
time="2020-04-05T12:48:32+08:00" level=info msg="\x1b[34m&{{0xc0001c3180}}\x1b[0m  request handling..."
time="2020-04-05T12:48:32+08:00" level=info msg="\x1b[34m&{{0xc0002f7900}}\x1b[0m  request handling..."
time="2020-04-05T12:48:32+08:00" level=info msg="\x1b[34m&{{0xc0002f7980}}\x1b[0m  request handling..."
time="2020-04-05T12:48:32+08:00" level=info msg="\x1b[34m&{{0xc0002f7b00}}\x1b[0m  request handling..."
time="2020-04-05T12:48:32+08:00" level=info msg="\x1b[34m&{{0xc0002f7b80}}\x1b[0m  request handling..."
time="2020-04-05T12:48:32+08:00" level=info msg="\x1b[34m&{{0xc0002f7c00}}\x1b[0m  request handling..."
time="2020-04-05T12:48:32+08:00" level=info msg="\x1b[34m&{{0xc0002f7c80}}\x1b[0m  request handling..."
time="2020-04-05T12:48:32+08:00" level=info msg="\x1b[34m&{{0xc0002f7e00}}\x1b[0m  request handling..."
time="2020-04-05T12:48:32+08:00" level=info msg="\x1b[34m&{{0xc0002f7e80}}\x1b[0m  request handling..."
time="2020-04-05T12:48:38+08:00" level=info msg="\x1b[34m&{{0xc000483c00}}\x1b[0m  request handling..."
time="2020-04-05T12:48:38+08:00" level=info msg="\x1b[34m&{{0xc000483c80}}\x1b[0m  request handling..."
time="2020-04-05T12:48:38+08:00" level=info msg="\x1b[34m&{{0xc0003c5180}}\x1b[0m  request handling..."
time="2020-04-05T12:48:38+08:00" level=info msg="\x1b[34m&{{0xc0003c5200}}\x1b[0m  request handling..."
time="2020-04-05T12:48:38+08:00" level=info msg="\x1b[34m&{{0xc0004acf80}}\x1b[0m  request handling..."
time="2020-04-05T12:48:38+08:00" level=info msg="\x1b[34m&{{0xc0004ad000}}\x1b[0m  request handling..."
time="2020-04-05T12:48:43+08:00" level=info msg="\x1b[34m&{{0xc00046f900}}\x1b[0m  request handling..."
time="2020-04-05T12:48:44+08:00" level=info msg="\x1b[34m&{{0xc00046f980}}\x1b[0m  request handling..."
time="2020-04-05T12:48:44+08:00" level=info msg="\x1b[34m&{{0xc00046fa00}}\x1b[0m  request handling..."
time="2020-04-05T12:48:44+08:00" level=info msg="\x1b[34m&{{0xc00046fa80}}\x1b[0m  request handling..."
time="2020-04-05T12:48:44+08:00" level=info msg="\x1b[34m&{{0xc00046fb00}}\x1b[0m  request handling..."
time="2020-04-05T12:48:45+08:00" level=info msg="\x1b[34m&{{0xc000172000}}\x1b[0m  request handling..."
time="2020-04-05T12:48:45+08:00" level=info msg="\x1b[34m&{{0xc000218000}}\x1b[0m  request handling..."
time="2020-04-05T12:48:45+08:00" level=info msg="\x1b[34m&{{0xc000218100}}\x1b[0m  request handling..."
time="2020-04-05T12:48:45+08:00" level=info msg="\x1b[34m&{{0xc0000c6780}}\x1b[0m  request handling..."
time="2020-04-05T12:48:45+08:00" level=info msg="\x1b[34m&{{0xc00026e700}}\x1b[0m  request handling..."
time="2020-04-05T12:48:45+08:00" level=info msg="\x1b[34m&{{0xc0000c7b00}}\x1b[0m  request handling..."
time="2020-04-05T12:48:45+08:00" level=info msg="\x1b[34m&{{0xc00026fa80}}\x1b[0m  request handling..."
time="2020-04-05T12:48:45+08:00" level=info msg="\x1b[34m&{{0xc0001c2000}}\x1b[0m  request handling..."
time="2020-04-05T12:48:45+08:00" level=info msg="\x1b[34m&{{0xc0001c2100}}\x1b[0m  request handling..."
time="2020-04-05T12:48:46+08:00" level=info msg="\x1b[34m&{{0xc0002f6d00}}\x1b[0m  request handling..."
time="2020-04-05T12:48:46+08:00" level=info msg="\x1b[34m&{{0xc0001fc380}}\x1b[0m  request handling..."
time="2020-04-05T12:48:46+08:00" level=info msg="\x1b[34m&{{0xc00027ab80}}\x1b[0m  request handling..."
time="2020-04-05T12:48:46+08:00" level=info msg="\x1b[34m&{{0xc00027ac00}}\x1b[0m  request handling..."
time="2020-04-05T12:48:46+08:00" level=info msg="\x1b[34m&{{0xc00027ac80}}\x1b[0m  request handling..."
time="2020-04-05T12:48:46+08:00" level=info msg="\x1b[34m&{{0xc00027ad00}}\x1b[0m  request handling..."
time="2020-04-05T12:48:46+08:00" level=info msg="\x1b[34m&{{0xc00027ad80}}\x1b[0m  request handling..."
time="2020-04-05T12:48:46+08:00" level=info msg="\x1b[34m&{{0xc00027ae00}}\x1b[0m  request handling..."
time="2020-04-05T12:48:46+08:00" level=info msg="\x1b[34m&{{0xc0003c5000}}\x1b[0m  request handling..."
time="2020-04-05T12:48:46+08:00" level=info msg="\x1b[34m&{{0xc0003c5080}}\x1b[0m  request handling..."
time="2020-04-05T12:48:47+08:00" level=info msg="\x1b[34m&{{0xc0003c5280}}\x1b[0m  request handling..."
time="2020-04-05T12:48:47+08:00" level=info msg="\x1b[34m&{{0xc0004d0a00}}\x1b[0m  request handling..."
time="2020-04-05T12:48:47+08:00" level=info msg="\x1b[34m&{{0xc000483780}}\x1b[0m  request handling..."
time="2020-04-05T12:48:50+08:00" level=info msg="\x1b[34m&{{0xc0003c5500}}\x1b[0m  request handling..."
time="2020-04-05T12:49:01+08:00" level=info msg="\x1b[34m&{{0xc000302000}}\x1b[0m  request handling..."
time="2020-04-05T12:49:01+08:00" level=info msg="\x1b[34m&{{0xc000302100}}\x1b[0m  request handling..."
time="2020-04-05T12:49:01+08:00" level=info msg="\x1b[34m&{{0xc000302200}}\x1b[0m  request handling..."
time="2020-04-05T12:49:01+08:00" level=info msg="\x1b[34m&{{0xc0001fc000}}\x1b[0m  request handling..."
time="2020-04-05T12:49:03+08:00" level=info msg="\x1b[34m&{{0xc0004ad300}}\x1b[0m  request handling..."
time="2020-04-05T12:49:03+08:00" level=info msg="\x1b[34m&{{0xc0001c2c80}}\x1b[0m  request handling..."
time="2020-04-05T12:49:03+08:00" level=info msg="\x1b[34m&{{0xc00026e680}}\x1b[0m  request handling..."
time="2020-04-05T12:49:04+08:00" level=info msg="\x1b[34m&{{0xc00043d480}}\x1b[0m  request handling..."
time="2020-04-05T12:49:04+08:00" level=info msg="\x1b[34m&{{0xc00043d580}}\x1b[0m  request handling..."
time="2020-04-05T12:49:06+08:00" level=info msg="\x1b[34m&{{0xc000219280}}\x1b[0m  request handling..."
time="2020-04-05T12:49:06+08:00" level=info msg="\x1b[34m&{{0xc000219380}}\x1b[0m  request handling..."
time="2020-04-05T12:49:07+08:00" level=info msg="\x1b[34m&{{0xc000172180}}\x1b[0m  request handling..."
time="2020-04-05T12:49:08+08:00" level=info msg="\x1b[34m&{{0xc00009fc80}}\x1b[0m  request handling..."
time="2020-04-05T12:49:10+08:00" level=info msg="\x1b[34m&{{0xc0003c4900}}\x1b[0m  request handling..."
time="2020-04-05T12:49:16+08:00" level=info msg="\x1b[34m&{{0xc0003c4980}}\x1b[0m  request handling..."
time="2020-04-05T12:49:16+08:00" level=info msg="\x1b[34m&{{0xc00027a380}}\x1b[0m  request handling..."
time="2020-04-05T12:49:30+08:00" level=info msg="\x1b[34m&{{0xc0003c5f80}}\x1b[0m  request handling..."
time="2020-04-05T12:49:36+08:00" level=info msg="\x1b[34m&{{0xc00027b800}}\x1b[0m  request handling..."
time="2020-04-05T12:49:37+08:00" level=info msg="\x1b[34m&{{0xc000483400}}\x1b[0m  request handling..."
time="2020-04-05T12:49:40+08:00" level=info msg="\x1b[34m&{{0xc00027a000}}\x1b[0m  request handling..."
time="2020-04-05T12:49:45+08:00" level=info msg="\x1b[34m&{{0xc0004d1480}}\x1b[0m  request handling..."
time="2020-04-05T12:49:45+08:00" level=info msg="\x1b[34m&{{0xc00027b480}}\x1b[0m  request handling..."
time="2020-04-05T12:49:47+08:00" level=info msg="\x1b[34m&{{0xc00027b600}}\x1b[0m  request handling..."
time="2020-04-05T12:49:53+08:00" level=info msg="\x1b[34m&{{0xc00009f380}}\x1b[0m  request handling..."
time="2020-04-05T12:49:54+08:00" level=info msg="\x1b[34m&{{0xc00009f480}}\x1b[0m  request handling..."
time="2020-04-05T12:57:07+08:00" level=info msg="\x1b[34m&{{0xc00009e000}}\x1b[0m  request handling..."
time="2020-04-05T12:57:38+08:00" level=info msg="\x1b[34m&{{0xc000172180}}\x1b[0m  request handling..."
time="2020-04-05T12:58:10+08:00" level=info msg="\x1b[34m&{{0xc00009f500}}\x1b[0m  request handling..."
time="2020-04-05T12:58:44+08:00" level=info msg="\x1b[34m&{{0xc000173600}}\x1b[0m  request handling..."
time="2020-04-05T12:59:15+08:00" level=info msg="\x1b[34m&{{0xc000176880}}\x1b[0m  request handling..."
time="2020-04-05T12:59:18+08:00" level=info msg="\x1b[34m&{{0xc000562880}}\x1b[0m  request handling..."
time="2020-04-05T12:59:23+08:00" level=info msg="\x1b[34m&{{0xc00009f300}}\x1b[0m  request handling..."
time="2020-04-05T12:59:40+08:00" level=info msg="\x1b[34m&{{0xc000173480}}\x1b[0m  request handling..."
time="2020-04-05T12:59:43+08:00" level=info msg="\x1b[34m&{{0xc0001a8800}}\x1b[0m  request handling..."
time="2020-04-05T13:00:10+08:00" level=info msg="\x1b[34m&{{0xc0001a8880}}\x1b[0m  request handling..."
time="2020-04-05T13:05:49+08:00" level=info msg="\x1b[34m&{{0xc000562000}}\x1b[0m  request handling..."
time="2020-04-05T13:06:02+08:00" level=info msg="\x1b[34m&{{0xc000172000}}\x1b[0m  request handling..."
time="2020-04-05T13:06:08+08:00" level=info msg="\x1b[34m&{{0xc000563400}}\x1b[0m  request handling..."
time="2020-04-05T13:06:08+08:00" level=info msg="\x1b[34m&{{0xc000173500}}\x1b[0m  request handling..."
time="2020-04-05T13:06:08+08:00" level=info msg="\x1b[34m&{{0xc00009e780}}\x1b[0m  request handling..."
time="2020-04-05T13:06:16+08:00" level=info msg="\x1b[34m&{{0xc00018c800}}\x1b[0m  request handling..."
time="2020-04-05T13:06:16+08:00" level=info msg="\x1b[34m&{{0xc00009fa80}}\x1b[0m  request handling..."
time="2020-04-05T13:06:16+08:00" level=info msg="\x1b[34m&{{0xc00018db00}}\x1b[0m  request handling..."
time="2020-04-05T13:06:16+08:00" level=info msg="\x1b[34m&{{0xc00018db80}}\x1b[0m  request handling..."
time="2020-04-05T13:06:17+08:00" level=info msg="\x1b[34m&{{0xc000226d80}}\x1b[0m  request handling..."
time="2020-04-05T13:06:17+08:00" level=info msg="\x1b[34m&{{0xc000226e00}}\x1b[0m  request handling..."
time="2020-04-05T13:06:17+08:00" level=info msg="\x1b[34m&{{0xc000226e80}}\x1b[0m  request handling..."
time="2020-04-05T13:06:17+08:00" level=info msg="\x1b[34m&{{0xc000226f00}}\x1b[0m  request handling..."
time="2020-04-05T13:06:17+08:00" level=info msg="\x1b[34m&{{0xc0002f5180}}\x1b[0m  request handling..."
time="2020-04-05T13:06:17+08:00" level=info msg="\x1b[34m&{{0xc0002b1880}}\x1b[0m  request handling..."
time="2020-04-05T13:06:18+08:00" level=info msg="\x1b[34m&{{0xc000362500}}\x1b[0m  request handling..."
time="2020-04-05T13:06:18+08:00" level=info msg="\x1b[34m&{{0xc000362580}}\x1b[0m  request handling..."
time="2020-04-05T13:06:18+08:00" level=info msg="\x1b[34m&{{0xc0002e6b00}}\x1b[0m  request handling..."
time="2020-04-05T13:06:18+08:00" level=info msg="\x1b[34m&{{0xc0002e7e00}}\x1b[0m  request handling..."
time="2020-04-05T13:06:18+08:00" level=info msg="\x1b[34m&{{0xc000192d80}}\x1b[0m  request handling..."
time="2020-04-05T13:06:19+08:00" level=info msg="\x1b[34m&{{0xc000377f80}}\x1b[0m  request handling..."
time="2020-04-05T13:06:19+08:00" level=info msg="\x1b[34m&{{0xc0001ce180}}\x1b[0m  request handling..."
time="2020-04-05T13:06:27+08:00" level=info msg="\x1b[34m&{{0xc00043e000}}\x1b[0m  request handling..."
time="2020-04-05T13:06:27+08:00" level=info msg="\x1b[34m&{{0xc00043e080}}\x1b[0m  request handling..."
time="2020-04-05T13:06:28+08:00" level=info msg="\x1b[34m&{{0xc0000d1880}}\x1b[0m  request handling..."
time="2020-04-05T13:06:29+08:00" level=info msg="\x1b[34m&{{0xc0004c2380}}\x1b[0m  request handling..."
time="2020-04-05T13:06:29+08:00" level=info msg="\x1b[34m&{{0xc000510700}}\x1b[0m  request handling..."
time="2020-04-05T13:06:45+08:00" level=info msg="\x1b[34m&{{0xc0004c3680}}\x1b[0m  request handling..."
time="2020-04-05T13:06:45+08:00" level=info msg="\x1b[34m&{{0xc0004c3700}}\x1b[0m  request handling..."
time="2020-04-05T13:06:45+08:00" level=info msg="\x1b[34m&{{0xc0004c3780}}\x1b[0m  request handling..."
time="2020-04-05T13:07:12+08:00" level=info msg="\x1b[34m&{{0xc0003c5200}}\x1b[0m  request handling..."
time="2020-04-05T13:07:12+08:00" level=info msg="\x1b[34m&{{0xc0003c5280}}\x1b[0m  request handling..."
time="2020-04-05T13:07:12+08:00" level=info msg="\x1b[34m&{{0xc0003c5300}}\x1b[0m  request handling..."
time="2020-04-05T13:07:12+08:00" level=info msg="\x1b[34m&{{0xc0004f4980}}\x1b[0m  request handling..."
time="2020-04-05T13:07:12+08:00" level=info msg="\x1b[34m&{{0xc0004f4a00}}\x1b[0m  request handling..."
time="2020-04-05T13:07:13+08:00" level=info msg="\x1b[34m&{{0xc0004f4b80}}\x1b[0m  request handling..."
time="2020-04-05T13:07:13+08:00" level=info msg="\x1b[34m&{{0xc0003dc600}}\x1b[0m  request handling..."
time="2020-04-05T13:07:13+08:00" level=info msg="\x1b[34m&{{0xc0004f5d80}}\x1b[0m  request handling..."
time="2020-04-05T13:07:13+08:00" level=info msg="\x1b[34m&{{0xc0004f5e00}}\x1b[0m  request handling..."
time="2020-04-05T13:07:13+08:00" level=info msg="\x1b[34m&{{0xc0003ddb00}}\x1b[0m  request handling..."
time="2020-04-05T13:07:13+08:00" level=info msg="\x1b[34m&{{0xc0003dc000}}\x1b[0m  request handling..."
time="2020-04-05T13:07:13+08:00" level=info msg="\x1b[34m&{{0xc0003dc100}}\x1b[0m  request handling..."
time="2020-04-05T13:07:13+08:00" level=info msg="\x1b[34m&{{0xc000547480}}\x1b[0m  request handling..."
time="2020-04-05T13:07:13+08:00" level=info msg="\x1b[34m&{{0xc000563300}}\x1b[0m  request handling..."
time="2020-04-05T13:07:13+08:00" level=info msg="\x1b[34m&{{0xc0003dd680}}\x1b[0m  request handling..."
time="2020-04-05T13:07:13+08:00" level=info msg="\x1b[34m&{{0xc000172980}}\x1b[0m  request handling..."
time="2020-04-05T13:07:13+08:00" level=info msg="\x1b[34m&{{0xc00009eb00}}\x1b[0m  request handling..."
time="2020-04-05T13:07:14+08:00" level=info msg="\x1b[34m&{{0xc000173c80}}\x1b[0m  request handling..."
time="2020-04-05T13:07:15+08:00" level=info msg="\x1b[34m&{{0xc000173d00}}\x1b[0m  request handling..."
time="2020-04-05T13:07:17+08:00" level=info msg="\x1b[34m&{{0xc0001f6700}}\x1b[0m  request handling..."
time="2020-04-05T13:07:17+08:00" level=info msg="\x1b[34m&{{0xc000192f80}}\x1b[0m  request handling..."
time="2020-04-05T13:07:17+08:00" level=info msg="\x1b[34m&{{0xc000193000}}\x1b[0m  request handling..."
time="2020-04-05T13:07:17+08:00" level=info msg="\x1b[34m&{{0xc000193080}}\x1b[0m  request handling..."
time="2020-04-05T13:07:17+08:00" level=info msg="\x1b[34m&{{0xc0002f5100}}\x1b[0m  request handling..."
time="2020-04-05T13:07:17+08:00" level=info msg="\x1b[34m&{{0xc000362000}}\x1b[0m  request handling..."
time="2020-04-05T13:07:17+08:00" level=info msg="\x1b[34m&{{0xc000362100}}\x1b[0m  request handling..."
time="2020-04-05T13:07:17+08:00" level=info msg="\x1b[34m&{{0xc0002e6480}}\x1b[0m  request handling..."
time="2020-04-05T13:07:17+08:00" level=info msg="\x1b[34m&{{0xc0002e6500}}\x1b[0m  request handling..."
time="2020-04-05T13:07:17+08:00" level=info msg="\x1b[34m&{{0xc0002e6580}}\x1b[0m  request handling..."
time="2020-04-05T13:07:17+08:00" level=info msg="\x1b[34m&{{0xc0002e6600}}\x1b[0m  request handling..."
time="2020-04-05T13:07:20+08:00" level=info msg="\x1b[34m&{{0xc0003dc180}}\x1b[0m  request handling..."
time="2020-04-05T13:07:20+08:00" level=info msg="\x1b[34m&{{0xc000547300}}\x1b[0m  request handling..."
time="2020-04-05T13:07:20+08:00" level=info msg="\x1b[34m&{{0xc000547600}}\x1b[0m  request handling..."
time="2020-04-05T13:07:20+08:00" level=info msg="\x1b[34m&{{0xc0001cfe80}}\x1b[0m  request handling..."
time="2020-04-05T13:07:20+08:00" level=info msg="\x1b[34m&{{0xc0001cff80}}\x1b[0m  request handling..."
time="2020-04-05T13:07:20+08:00" level=info msg="\x1b[34m&{{0xc0002f4000}}\x1b[0m  request handling..."
time="2020-04-05T13:07:20+08:00" level=info msg="\x1b[34m&{{0xc0002f4080}}\x1b[0m  request handling..."
time="2020-04-05T13:07:20+08:00" level=info msg="\x1b[34m&{{0xc00018c080}}\x1b[0m  request handling..."
time="2020-04-05T13:07:20+08:00" level=info msg="\x1b[34m&{{0xc00018c100}}\x1b[0m  request handling..."
time="2020-04-05T13:07:21+08:00" level=info msg="\x1b[34m&{{0xc00009f480}}\x1b[0m  request handling..."
time="2020-04-05T13:07:21+08:00" level=info msg="\x1b[34m&{{0xc000172b80}}\x1b[0m  request handling..."
time="2020-04-05T13:07:21+08:00" level=info msg="\x1b[34m&{{0xc000172d00}}\x1b[0m  request handling..."
time="2020-04-05T13:07:21+08:00" level=info msg="\x1b[34m&{{0xc000562200}}\x1b[0m  request handling..."
time="2020-04-05T13:07:21+08:00" level=info msg="\x1b[34m&{{0xc000562280}}\x1b[0m  request handling..."
time="2020-04-05T13:07:21+08:00" level=info msg="\x1b[34m&{{0xc000562300}}\x1b[0m  request handling..."
time="2020-04-05T13:07:25+08:00" level=info msg="\x1b[34m&{{0xc0002e6f00}}\x1b[0m  request handling..."
time="2020-04-05T13:07:25+08:00" level=info msg="\x1b[34m&{{0xc000192500}}\x1b[0m  request handling..."
time="2020-04-05T13:07:25+08:00" level=info msg="\x1b[34m&{{0xc000192580}}\x1b[0m  request handling..."
time="2020-04-05T13:07:25+08:00" level=info msg="\x1b[34m&{{0xc0001f7f80}}\x1b[0m  request handling..."
time="2020-04-05T13:07:25+08:00" level=info msg="\x1b[34m&{{0xc0002b0000}}\x1b[0m  request handling..."
time="2020-04-05T13:07:26+08:00" level=info msg="\x1b[34m&{{0xc0002b0180}}\x1b[0m  request handling..."
time="2020-04-05T13:07:26+08:00" level=info msg="\x1b[34m&{{0xc0002b0200}}\x1b[0m  request handling..."
time="2020-04-05T13:07:26+08:00" level=info msg="\x1b[34m&{{0xc0000d0000}}\x1b[0m  request handling..."
time="2020-04-05T13:07:26+08:00" level=info msg="\x1b[34m&{{0xc0000d0180}}\x1b[0m  request handling..."
time="2020-04-05T13:07:26+08:00" level=info msg="\x1b[34m&{{0xc0001f7580}}\x1b[0m  request handling..."
time="2020-04-05T13:07:26+08:00" level=info msg="\x1b[34m&{{0xc0001f7680}}\x1b[0m  request handling..."
time="2020-04-05T13:07:26+08:00" level=info msg="\x1b[34m&{{0xc0002e6b80}}\x1b[0m  request handling..."
time="2020-04-05T13:07:26+08:00" level=info msg="\x1b[34m&{{0xc0002e6c80}}\x1b[0m  request handling..."
time="2020-04-05T13:07:27+08:00" level=info msg="\x1b[34m&{{0xc0002feb00}}\x1b[0m  request handling..."
time="2020-04-05T13:07:27+08:00" level=info msg="\x1b[34m&{{0xc000172180}}\x1b[0m  request handling..."
time="2020-04-05T13:07:27+08:00" level=info msg="\x1b[34m&{{0xc000172200}}\x1b[0m  request handling..."
time="2020-04-05T13:07:27+08:00" level=info msg="\x1b[34m&{{0xc0002ffe00}}\x1b[0m  request handling..."
time="2020-04-05T13:07:27+08:00" level=info msg="\x1b[34m&{{0xc0002ffe80}}\x1b[0m  request handling..."
time="2020-04-05T13:07:27+08:00" level=info msg="\x1b[34m&{{0xc000173980}}\x1b[0m  request handling..."
time="2020-04-05T13:07:28+08:00" level=info msg="\x1b[34m&{{0xc000173a00}}\x1b[0m  request handling..."
time="2020-04-05T13:07:28+08:00" level=info msg="\x1b[34m&{{0xc000173a80}}\x1b[0m  request handling..."
time="2020-04-05T13:07:28+08:00" level=info msg="\x1b[34m&{{0xc000173b00}}\x1b[0m  request handling..."
time="2020-04-05T13:07:29+08:00" level=info msg="\x1b[34m&{{0xc000377280}}\x1b[0m  request handling..."
time="2020-04-05T13:07:29+08:00" level=info msg="\x1b[34m&{{0xc000377300}}\x1b[0m  request handling..."
time="2020-04-05T13:07:29+08:00" level=info msg="\x1b[34m&{{0xc000377380}}\x1b[0m  request handling..."
time="2020-04-05T13:07:30+08:00" level=info msg="\x1b[34m&{{0xc000547680}}\x1b[0m  request handling..."
time="2020-04-05T13:07:30+08:00" level=info msg="\x1b[34m&{{0xc0003dd900}}\x1b[0m  request handling..."
time="2020-04-05T13:07:30+08:00" level=info msg="\x1b[34m&{{0xc000562d80}}\x1b[0m  request handling..."
time="2020-04-05T13:07:30+08:00" level=info msg="\x1b[34m&{{0xc000562e00}}\x1b[0m  request handling..."
time="2020-04-05T13:07:31+08:00" level=info msg="\x1b[34m&{{0xc0003a8180}}\x1b[0m  request handling..."
time="2020-04-05T13:07:31+08:00" level=info msg="\x1b[34m&{{0xc0004c2700}}\x1b[0m  request handling..."
time="2020-04-05T13:07:31+08:00" level=info msg="\x1b[34m&{{0xc0002b0f80}}\x1b[0m  request handling..."
time="2020-04-05T13:07:32+08:00" level=info msg="\x1b[34m&{{0xc0002b1000}}\x1b[0m  request handling..."
time="2020-04-05T13:07:32+08:00" level=info msg="\x1b[34m&{{0xc000511100}}\x1b[0m  request handling..."
time="2020-04-05T13:07:32+08:00" level=info msg="\x1b[34m&{{0xc000511180}}\x1b[0m  request handling..."
time="2020-04-05T13:07:42+08:00" level=info msg="\x1b[34m&{{0xc0003a8000}}\x1b[0m  request handling..."
time="2020-04-05T13:08:11+08:00" level=info msg="\x1b[34m&{{0xc0002b1580}}\x1b[0m  request handling..."
time="2020-04-05T13:08:12+08:00" level=info msg="\x1b[34m&{{0xc0003a9480}}\x1b[0m  request handling..."
time="2020-04-05T13:08:13+08:00" level=info msg="\x1b[34m&{{0xc0003a9580}}\x1b[0m  request handling..."
time="2020-04-05T13:08:28+08:00" level=info msg="\x1b[34m&{{0xc0003dd880}}\x1b[0m  request handling..."
time="2020-04-05T13:08:29+08:00" level=info msg="\x1b[34m&{{0xc000546980}}\x1b[0m  request handling..."
time="2020-04-05T13:08:29+08:00" level=info msg="\x1b[34m&{{0xc000376d80}}\x1b[0m  request handling..."
time="2020-04-05T13:08:30+08:00" level=info msg="\x1b[34m&{{0xc000376e00}}\x1b[0m  request handling..."
time="2020-04-05T13:09:45+08:00" level=info msg="\x1b[34m&{{0xc0003dc000}}\x1b[0m  request handling..."
time="2020-04-05T13:12:28+08:00" level=info msg="\x1b[34m&{{0xc0003dc000}}\x1b[0m  request handling..."
time="2020-04-05T13:12:34+08:00" level=info msg="\x1b[34m&{{0xc000563300}}\x1b[0m  request handling..."
time="2020-04-05T13:12:39+08:00" level=info msg="\x1b[34m&{{0xc0003dd400}}\x1b[0m  request handling..."
time="2020-04-05T13:12:44+08:00" level=info msg="\x1b[34m&{{0xc0003dd480}}\x1b[0m  request handling..."
time="2020-04-05T13:12:52+08:00" level=info msg="\x1b[34m&{{0xc000173380}}\x1b[0m  request handling..."
time="2020-04-05T13:13:13+08:00" level=info msg="\x1b[34m&{{0xc00009e680}}\x1b[0m  request handling..."
time="2020-04-05T13:15:34+08:00" level=info msg="\x1b[34m&{{0xc0003dc000}}\x1b[0m  request handling..."
time="2020-04-05T13:15:34+08:00" level=info msg="\x1b[34m&{{0xc000173280}}\x1b[0m  request handling..."
time="2020-04-05T13:17:31+08:00" level=info msg="\x1b[34m&{{0xc000172000}}\x1b[0m  request handling..."
time="2020-04-05T13:17:31+08:00" level=info msg="\x1b[34m&{{0xc0003dd200}}\x1b[0m  request handling..."
time="2020-04-05T13:17:31+08:00" level=info msg="\x1b[34m&{{0xc0003dd300}}\x1b[0m  request handling..."
time="2020-04-05T13:17:31+08:00" level=info msg="\x1b[34m&{{0xc0003dd380}}\x1b[0m  request handling..."
time="2020-04-05T13:17:31+08:00" level=info msg="\x1b[34m&{{0xc0003dd400}}\x1b[0m  request handling..."
time="2020-04-05T13:17:31+08:00" level=info msg="\x1b[34m&{{0xc000202000}}\x1b[0m  request handling..."
time="2020-04-05T13:17:31+08:00" level=info msg="\x1b[34m&{{0xc0000cf280}}\x1b[0m  request handling..."
time="2020-04-05T13:17:31+08:00" level=info msg="\x1b[34m&{{0xc0000dc700}}\x1b[0m  request handling..."
time="2020-04-05T13:17:32+08:00" level=info msg="\x1b[34m&{{0xc0002be500}}\x1b[0m  request handling..."
time="2020-04-05T13:17:34+08:00" level=info msg="\x1b[34m&{{0xc000202200}}\x1b[0m  request handling..."
time="2020-04-05T13:17:35+08:00" level=info msg="\x1b[34m&{{0xc0001ad880}}\x1b[0m  request handling..."
time="2020-04-05T13:17:35+08:00" level=info msg="\x1b[34m&{{0xc0001ad980}}\x1b[0m  request handling..."
time="2020-04-05T13:17:35+08:00" level=info msg="\x1b[34m&{{0xc0000fec80}}\x1b[0m  request handling..."
time="2020-04-05T13:17:35+08:00" level=info msg="\x1b[34m&{{0xc0000fed00}}\x1b[0m  request handling..."
time="2020-04-05T13:17:37+08:00" level=info msg="\x1b[34m&{{0xc000270780}}\x1b[0m  request handling..."
time="2020-04-05T13:17:37+08:00" level=info msg="\x1b[34m&{{0xc000270800}}\x1b[0m  request handling..."
time="2020-04-05T13:17:37+08:00" level=info msg="\x1b[34m&{{0xc000270880}}\x1b[0m  request handling..."
time="2020-04-05T13:18:41+08:00" level=info msg="\x1b[34m&{{0xc0003dc000}}\x1b[0m  request handling..."
time="2020-04-05T13:18:45+08:00" level=info msg="\x1b[34m&{{0xc0003dc100}}\x1b[0m  request handling..."
time="2020-04-05T13:18:47+08:00" level=info msg="\x1b[34m&{{0xc00009e700}}\x1b[0m  request handling..."
time="2020-04-05T13:18:52+08:00" level=info msg="\x1b[34m&{{0xc0003dd500}}\x1b[0m  request handling..."
time="2020-04-05T13:19:02+08:00" level=info msg="\x1b[34m&{{0xc0003dd580}}\x1b[0m  request handling..."
time="2020-04-05T13:19:13+08:00" level=info msg="\x1b[34m&{{0xc0003dd600}}\x1b[0m  request handling..."
time="2020-04-05T13:19:30+08:00" level=info msg="\x1b[34m&{{0xc000202900}}\x1b[0m  request handling..."
time="2020-04-05T13:20:15+08:00" level=info msg="\x1b[34m&{{0xc0000ce900}}\x1b[0m  request handling..."
time="2020-04-05T13:22:50+08:00" level=info msg="\x1b[34m&{{0xc000172000}}\x1b[0m  request handling..."
time="2020-04-05T13:29:59+08:00" level=info msg="\x1b[34m&{{0xc000172000}}\x1b[0m  request handling..."
time="2020-04-05T13:30:45+08:00" level=info msg="\x1b[34m&{{0xc0003dd300}}\x1b[0m  request handling..."
time="2020-04-05T13:30:46+08:00" level=info msg="\x1b[34m&{{0xc000173400}}\x1b[0m  request handling..."
time="2020-04-05T13:30:46+08:00" level=info msg="\x1b[34m&{{0xc00009e700}}\x1b[0m  request handling..."
time="2020-04-05T13:30:46+08:00" level=info msg="\x1b[34m&{{0xc00009e780}}\x1b[0m  request handling..."
time="2020-04-05T14:02:00+08:00" level=info msg="\x1b[34m&{{0xc0003dc000}}\x1b[0m  request handling..."
time="2020-04-05T14:02:01+08:00" level=info msg="\x1b[34m&{{0xc000173080}}\x1b[0m  request handling..."
time="2020-04-05T14:02:03+08:00" level=info msg="\x1b[34m&{{0xc0003dd100}}\x1b[0m  request handling..."
time="2020-04-05T14:02:05+08:00" level=info msg="\x1b[34m&{{0xc00009e180}}\x1b[0m  request handling..."
time="2020-04-05T14:02:10+08:00" level=info msg="\x1b[34m&{{0xc000562180}}\x1b[0m  request handling..."
time="2020-04-05T14:02:18+08:00" level=info msg="\x1b[34m&{{0xc000562200}}\x1b[0m  request handling..."
time="2020-04-05T14:02:22+08:00" level=info msg="\x1b[34m&{{0xc000170300}}\x1b[0m  request handling..."
time="2020-04-05T14:27:18+08:00" level=info msg="\x1b[34m&{{0xc000563280}}\x1b[0m  request handling..."
time="2020-04-05T14:27:22+08:00" level=info msg="\x1b[34m&{{0xc000563300}}\x1b[0m  request handling..."
time="2020-04-05T14:27:24+08:00" level=info msg="\x1b[34m&{{0xc000563380}}\x1b[0m  request handling..."
time="2020-04-05T14:27:25+08:00" level=info msg="\x1b[34m&{{0xc000563400}}\x1b[0m  request handling..."
time="2020-04-05T14:27:27+08:00" level=info msg="\x1b[34m&{{0xc000563480}}\x1b[0m  request handling..."
time="2020-04-05T14:27:30+08:00" level=info msg="\x1b[34m&{{0xc000229180}}\x1b[0m  request handling..."
time="2020-04-05T14:27:32+08:00" level=info msg="\x1b[34m&{{0xc000229200}}\x1b[0m  request handling..."
time="2020-04-05T14:27:39+08:00" level=info msg="\x1b[34m&{{0xc0001f1400}}\x1b[0m  request handling..."
time="2020-04-05T14:27:41+08:00" level=info msg="\x1b[34m&{{0xc0001f1480}}\x1b[0m  request handling..."
time="2020-04-05T14:27:41+08:00" level=info msg="\x1b[34m&{{0xc0001f1500}}\x1b[0m  request handling..."
time="2020-04-05T14:27:41+08:00" level=info msg="\x1b[34m&{{0xc0001f1580}}\x1b[0m  request handling..."
time="2020-04-05T14:27:41+08:00" level=info msg="\x1b[34m&{{0xc000239080}}\x1b[0m  request handling..."
time="2020-04-05T14:27:42+08:00" level=info msg="\x1b[34m&{{0xc0001f4580}}\x1b[0m  request handling..."
time="2020-04-05T14:27:42+08:00" level=info msg="\x1b[34m&{{0xc00023e080}}\x1b[0m  request handling..."
time="2020-04-05T14:27:42+08:00" level=info msg="\x1b[34m&{{0xc0001f5580}}\x1b[0m  request handling..."
time="2020-04-05T14:27:42+08:00" level=info msg="\x1b[34m&{{0xc00023f080}}\x1b[0m  request handling..."
time="2020-04-05T14:27:43+08:00" level=info msg="\x1b[34m&{{0xc000096580}}\x1b[0m  request handling..."
time="2020-04-05T14:27:43+08:00" level=info msg="\x1b[34m&{{0xc00024a080}}\x1b[0m  request handling..."
time="2020-04-05T14:27:43+08:00" level=info msg="\x1b[34m&{{0xc00024a100}}\x1b[0m  request handling..."
time="2020-04-05T14:27:43+08:00" level=info msg="\x1b[34m&{{0xc0000be500}}\x1b[0m  request handling..."
time="2020-04-05T14:27:43+08:00" level=info msg="\x1b[34m&{{0xc0000be580}}\x1b[0m  request handling..."
time="2020-04-05T14:27:43+08:00" level=info msg="\x1b[34m&{{0xc0000f6f80}}\x1b[0m  request handling..."
time="2020-04-05T14:27:43+08:00" level=info msg="\x1b[34m&{{0xc000250080}}\x1b[0m  request handling..."
time="2020-04-05T14:27:44+08:00" level=info msg="\x1b[34m&{{0xc000204000}}\x1b[0m  request handling..."
time="2020-04-05T14:27:44+08:00" level=info msg="\x1b[34m&{{0xc000251080}}\x1b[0m  request handling..."
time="2020-04-05T14:27:44+08:00" level=info msg="\x1b[34m&{{0xc000205000}}\x1b[0m  request handling..."
time="2020-04-05T14:27:44+08:00" level=info msg="\x1b[34m&{{0xc000205080}}\x1b[0m  request handling..."
time="2020-04-05T14:27:44+08:00" level=info msg="\x1b[34m&{{0xc0000bf580}}\x1b[0m  request handling..."
time="2020-04-05T14:27:44+08:00" level=info msg="\x1b[34m&{{0xc0000bf600}}\x1b[0m  request handling..."
time="2020-04-05T14:27:44+08:00" level=info msg="\x1b[34m&{{0xc00027f000}}\x1b[0m  request handling..."
time="2020-04-05T14:27:44+08:00" level=info msg="\x1b[34m&{{0xc00027f080}}\x1b[0m  request handling..."
time="2020-04-05T14:27:44+08:00" level=info msg="\x1b[34m&{{0xc0000c3580}}\x1b[0m  request handling..."
time="2020-04-05T14:27:44+08:00" level=info msg="\x1b[34m&{{0xc0000c3600}}\x1b[0m  request handling..."
time="2020-04-05T14:27:44+08:00" level=info msg="\x1b[34m&{{0xc000291000}}\x1b[0m  request handling..."
time="2020-04-05T14:27:44+08:00" level=info msg="\x1b[34m&{{0xc0000c6600}}\x1b[0m  request handling..."
time="2020-04-05T14:27:45+08:00" level=info msg="\x1b[34m&{{0xc0002a0000}}\x1b[0m  request handling..."
time="2020-04-05T14:27:45+08:00" level=info msg="\x1b[34m&{{0xc0002a0080}}\x1b[0m  request handling..."
time="2020-04-05T14:27:45+08:00" level=info msg="\x1b[34m&{{0xc0000fe580}}\x1b[0m  request handling..."
time="2020-04-05T14:27:45+08:00" level=info msg="\x1b[34m&{{0xc0000fe600}}\x1b[0m  request handling..."
time="2020-04-05T14:27:45+08:00" level=info msg="\x1b[34m&{{0xc000257000}}\x1b[0m  request handling..."
time="2020-04-05T14:27:45+08:00" level=info msg="\x1b[34m&{{0xc000257080}}\x1b[0m  request handling..."
time="2020-04-05T14:27:45+08:00" level=info msg="\x1b[34m&{{0xc000318580}}\x1b[0m  request handling..."
time="2020-04-05T14:27:45+08:00" level=info msg="\x1b[34m&{{0xc000318600}}\x1b[0m  request handling..."
time="2020-04-05T14:27:45+08:00" level=info msg="\x1b[34m&{{0xc0002aa000}}\x1b[0m  request handling..."
time="2020-04-05T14:27:45+08:00" level=info msg="\x1b[34m&{{0xc000319600}}\x1b[0m  request handling..."
time="2020-04-05T14:27:45+08:00" level=info msg="\x1b[34m&{{0xc0002ab000}}\x1b[0m  request handling..."
time="2020-04-05T14:27:45+08:00" level=info msg="\x1b[34m&{{0xc000322600}}\x1b[0m  request handling..."
time="2020-04-05T14:27:45+08:00" level=info msg="\x1b[34m&{{0xc000322680}}\x1b[0m  request handling..."
time="2020-04-05T14:27:45+08:00" level=info msg="\x1b[34m&{{0xc0002b0f80}}\x1b[0m  request handling..."
time="2020-04-05T14:27:45+08:00" level=info msg="\x1b[34m&{{0xc000323680}}\x1b[0m  request handling..."
time="2020-04-05T14:27:45+08:00" level=info msg="\x1b[34m&{{0xc0002b1f80}}\x1b[0m  request handling..."
time="2020-04-05T14:27:46+08:00" level=info msg="\x1b[34m&{{0xc00032e680}}\x1b[0m  request handling..."
time="2020-04-05T14:27:46+08:00" level=info msg="\x1b[34m&{{0xc0002cef80}}\x1b[0m  request handling..."
time="2020-04-05T14:27:46+08:00" level=info msg="\x1b[34m&{{0xc0002cf000}}\x1b[0m  request handling..."
time="2020-04-05T14:27:46+08:00" level=info msg="\x1b[34m&{{0xc0002fef80}}\x1b[0m  request handling..."
time="2020-04-05T14:27:46+08:00" level=info msg="\x1b[34m&{{0xc0002d6000}}\x1b[0m  request handling..."
time="2020-04-05T14:27:46+08:00" level=info msg="\x1b[34m&{{0xc0002d6080}}\x1b[0m  request handling..."
time="2020-04-05T14:27:46+08:00" level=info msg="\x1b[34m&{{0xc000263000}}\x1b[0m  request handling..."
time="2020-04-05T14:37:24+08:00" level=info msg="socks5 proxy server running on port [:\x1b[32m8081\x1b[0m], listening ..."
time="2020-04-05T14:46:19+08:00" level=info msg="socks5 proxy server running on port [:\x1b[32m8081\x1b[0m], listening ..."
time="2020-04-05T14:46:39+08:00" level=info msg="socks5 proxy server running on port [:\x1b[32m8081\x1b[0m], listening ..."
time="2020-04-05T14:50:10+08:00" level=info msg="socks5 proxy server running on port [:\x1b[32m8081\x1b[0m], listening ..."
time="2020-04-05T14:50:40+08:00" level=info msg="socks5 proxy server running on port [:\x1b[32m8081\x1b[0m], listening ..."
time="2020-04-05T14:51:17+08:00" level=info msg="socks5 proxy server running on port [:\x1b[32m8081\x1b[0m], listening ..."
time="2020-04-05T15:25:00+08:00" level=info msg="socks5 proxy server running on port [:\x1b[32m58675\x1b[0m], listening ..."
time="2020-04-05T16:32:35+08:00" level=fatal msg="read |0: file already closed"
time="2020-04-05T16:33:14+08:00" level=fatal msg="read |0: file already closed"
time="2020-04-05T16:33:45+08:00" level=fatal msg="read |0: file already closed"
time="2020-04-05T16:34:43+08:00" level=fatal msg="read |0: file already closed"
time="2020-04-05T16:35:57+08:00" level=fatal msg="read |0: file already closed"
time="2020-04-05T16:38:04+08:00" level=error msg="执行出错:exec: \"pptpsetup\": executable file not found in $PATH"
time="2020-04-05T16:38:04+08:00" level=error msg="执行出错:exec: \"pptpsetup\": executable file not found in $PATH"
time="2020-04-05T16:38:21+08:00" level=error msg="执行出错:exec: \"pptpsetup\": executable file not found in $PATH"
time="2020-04-05T16:38:21+08:00" level=error msg="执行出错:exec: \"pptpsetup\": executable file not found in $PATH"
